<?xml version="1.0" encoding="UTF-8"?>
<testsuite xmlns:xsi="http://www.w3.org/2001/XMLSchema-instance" xsi:noNamespaceSchemaLocation="https://maven.apache.org/surefire/maven-surefire-plugin/xsd/surefire-test-report.xsd" name="pl.put.poznan.sortingmadness.logic.SortingMadnessTest" time="0.391" tests="10" errors="0" skipped="0" failures="0">
  <properties>
[...]
</properties>
  <testcase name="testSortData_InvalidDirection" classname="pl.put.poznan.sortingmadness.logic.SortingMadnessTest" time="0.344"/>
  <testcase name="testSortData_MultipleKeys" classname="pl.put.poznan.sortingmadness.logic.SortingMadnessTest" time="0.033"/>
  <testcase name="testSortDataList_EmptyAlgorithm" classname="pl.put.poznan.sortingmadness.logic.SortingMadnessTest" time="0.003"/>
  <testcase name="testSortData_NullData" classname="pl.put.poznan.sortingmadness.logic.SortingMadnessTest" time="0.001"/>
  <testcase name="testSortData_InvalidAlgorithm" classname="pl.put.poznan.sortingmadness.logic.SortingMadnessTest" time="0.001"/>
  <testcase name="testSortDataList_DescendingOrderWithHighIterations" classname="pl.put.poznan.sortingmadness.logic.SortingMadnessTest" time="0.002"/>
  <testcase name="testSortDataList_ValidInput" classname="pl.put.poznan.sortingmadness.logic.SortingMadnessTest" time="0.001"/>
  <testcase name="testSortData_EmptyData" classname="pl.put.poznan.sortingmadness.logic.SortingMadnessTest" time="0"/>
  <testcase name="testSortDataList2_DescendingOrderWithHighIterations" classname="pl.put.poznan.sortingmadness.logic.SortingMadnessTest" time="0.002"/>
  <testcase name="testSortData_ValidInput" classname="pl.put.poznan.sortingmadness.logic.SortingMadnessTest" time="0.002"/>
</testsuite>